# JRE version: OpenJDK Runtime Environment Temurin-17.0.9+9 (17.0.9+9) (build 17.0.9+9)
# Java VM: OpenJDK 64-Bit Server VM Temurin-17.0.9+9 (17.0.9+9, mixed mode, tiered, compressed oops, compressed class ptrs, g1 gc, windows-amd64)
GC Precious Log:
 CPUs: 4 total, 4 available
 Memory: 3973M
 Large Page Support: Disabled
 NUMA Support: Disabled
 Compressed Oops: Enabled (32-bit)
 Heap Region Size: 1M
 Heap Min Capacity: 8M
 Heap Initial Capacity: 64M
 Heap Max Capacity: 994M
 Pre-touch: Disabled
 Parallel Workers: 4
 Concurrent Workers: 1
 Concurrent Refinement Workers: 4
 Periodic GC: Disabled
Heap:
 garbage-first heap   total 34816K, used 17748K [0x00000000c1e00000, 0x0000000100000000)
  region size 1024K, 15 young (15360K), 4 survivors (4096K)
 Metaspace       used 23467K, committed 23744K, reserved 1114112K
  class space    used 2687K, committed 2816K, reserved 1048576K
GC Heap History (6 events):
Event: 2.573 GC heap before
{Heap before GC invocations=0 (full 0):
 garbage-first heap   total 65536K, used 12288K [0x00000000c1e00000, 0x0000000100000000)
  region size 1024K, 13 young (13312K), 0 survivors (0K)
 Metaspace       used 12193K, committed 12352K, reserved 1114112K
  class space    used 1156K, committed 1216K, reserved 1048576K
}
Event: 2.579 GC heap after
{Heap after GC invocations=1 (full 0):
 garbage-first heap   total 65536K, used 4219K [0x00000000c1e00000, 0x0000000100000000)
  region size 1024K, 2 young (2048K), 2 survivors (2048K)
 Metaspace       used 12193K, committed 12352K, reserved 1114112K
  class space    used 1156K, committed 1216K, reserved 1048576K
}
Event: 6.079 GC heap before
{Heap before GC invocations=1 (full 0):
 garbage-first heap   total 65536K, used 16507K [0x00000000c1e00000, 0x0000000100000000)
  region size 1024K, 14 young (14336K), 2 survivors (2048K)
 Metaspace       used 16846K, committed 17024K, reserved 1114112K
  class space    used 1823K, committed 1920K, reserved 1048576K
}
Event: 6.086 GC heap after
{Heap after GC invocations=2 (full 0):
 garbage-first heap   total 65536K, used 5416K [0x00000000c1e00000, 0x0000000100000000)
  region size 1024K, 2 young (2048K), 2 survivors (2048K)
 Metaspace       used 16846K, committed 17024K, reserved 1114112K
  class space    used 1823K, committed 1920K, reserved 1048576K
}
Event: 7.446 GC heap before
{Heap before GC invocations=2 (full 0):
 garbage-first heap   total 65536K, used 18728K [0x00000000c1e00000, 0x0000000100000000)
  region size 1024K, 17 young (17408K), 2 survivors (2048K)
 Metaspace       used 21294K, committed 21504K, reserved 1114112K
  class space    used 2367K, committed 2496K, reserved 1048576K
}
Event: 7.452 GC heap after
{Heap after GC invocations=3 (full 0):
 garbage-first heap   total 65536K, used 7508K [0x00000000c1e00000, 0x0000000100000000)
  region size 1024K, 4 young (4096K), 4 survivors (4096K)
 Metaspace       used 21294K, committed 21504K, reserved 1114112K
  class space    used 2367K, committed 2496K, reserved 1048576K
}

